<?xml version="1.0" encoding="UTF-8"?>
<!-- Generated by org.testng.reporters.JUnitReportReporter -->
<testsuite hostname="Vipins-MacBook-Air.local" failures="0" tests="1" name="com.vsmaventest.FirstAutomatiom" time="26.707" errors="0" timestamp="2024-06-15T11:56:28 IST" skipped="0">
  <testcase classname="com.vsmaventest.FirstAutomatiom" name="driverManager" time="26.707"/>
</testsuite> <!-- com.vsmaventest.FirstAutomatiom -->
