<?xml version="1.0" encoding="UTF-8"?>
<!-- Generated by org.testng.reporters.JUnitReportReporter -->
<testsuite hostname="Vipins-MacBook-Air.local" failures="0" tests="1" name="com.vsmaventest.Firefox" time="28.041" errors="0" timestamp="2024-06-17T16:38:48 IST" skipped="0">
  <testcase classname="com.vsmaventest.Firefox" name="oepnBrowser" time="28.041"/>
</testsuite> <!-- com.vsmaventest.Firefox -->
